2025-06-05 23:29:26,866 - __main__ - INFO - Logging configured successfully!
2025-06-05 23:29:50,197 - __main__ - INFO - 'فولاد' is selected
2025-06-05 23:29:53,758 - __main__ - INFO - 'گزارش عملکرد ماهانه' is selected
2025-06-05 23:29:58,009 - __main__ - INFO - 1404-03-15 to
2025-06-05 23:29:58,010 - __main__ - INFO - 1399-03-15 from
2025-06-05 23:30:14,746 - __main__ - INFO - G:\DS\web scrapping\excle/one-month\گزارش فعالیت ماهانه دوره ۱ ماهه منتهی به ۱۴۰۴-۰۲-۳۱.xls is successfully downloaded
2025-06-05 23:30:32,376 - __main__ - INFO - G:\DS\web scrapping\excle/one-month\گزارش فعالیت ماهانه دوره ۱ ماهه منتهی به ۱۴۰۳-۱۲-۳۰(اصلاحیه).xls is successfully downloaded
2025-06-05 23:30:49,994 - __main__ - INFO - G:\DS\web scrapping\excle/one-month\گزارش فعالیت ماهانه دوره ۱ ماهه منتهی به ۱۴۰۴-۰۱-۳۱.xls is successfully downloaded
2025-06-05 23:31:07,564 - __main__ - INFO - G:\DS\web scrapping\excle/one-month\گزارش فعالیت ماهانه دوره ۱ ماهه منتهی به ۱۴۰۳-۱۲-۳۰.xls is successfully downloaded
2025-06-05 23:31:25,152 - __main__ - INFO - G:\DS\web scrapping\excle/one-month\گزارش فعالیت ماهانه دوره ۱ ماهه منتهی به ۱۴۰۳-۱۱-۳۰.xls is successfully downloaded
2025-06-05 23:31:42,746 - __main__ - INFO - G:\DS\web scrapping\excle/one-month\گزارش فعالیت ماهانه دوره ۱ ماهه منتهی به ۱۴۰۳-۱۰-۳۰.xls is successfully downloaded
2025-06-05 23:32:00,288 - __main__ - INFO - G:\DS\web scrapping\excle/one-month\گزارش فعالیت ماهانه دوره ۱ ماهه منتهی به ۱۴۰۳-۰۹-۳۰.xls is successfully downloaded
2025-06-05 23:32:17,856 - __main__ - INFO - G:\DS\web scrapping\excle/one-month\گزارش فعالیت ماهانه دوره ۱ ماهه منتهی به ۱۴۰۳-۰۸-۳۰.xls is successfully downloaded
2025-06-05 23:32:35,425 - __main__ - INFO - G:\DS\web scrapping\excle/one-month\گزارش فعالیت ماهانه دوره ۱ ماهه منتهی به ۱۴۰۳-۰۷-۳۰.xls is successfully downloaded
2025-06-05 23:32:52,985 - __main__ - INFO - G:\DS\web scrapping\excle/one-month\گزارش فعالیت ماهانه دوره ۱ ماهه منتهی به ۱۴۰۳-۰۶-۳۱(اصلاحیه).xls is successfully downloaded
2025-06-05 23:33:10,552 - __main__ - INFO - G:\DS\web scrapping\excle/one-month\گزارش فعالیت ماهانه دوره ۱ ماهه منتهی به ۱۴۰۳-۰۶-۳۱.xls is successfully downloaded
2025-06-05 23:33:28,098 - __main__ - INFO - G:\DS\web scrapping\excle/one-month\گزارش فعالیت ماهانه دوره ۱ ماهه منتهی به ۱۴۰۳-۰۵-۳۱.xls is successfully downloaded
2025-06-05 23:33:45,654 - __main__ - INFO - G:\DS\web scrapping\excle/one-month\گزارش فعالیت ماهانه دوره ۱ ماهه منتهی به ۱۴۰۳-۰۴-۳۱.xls is successfully downloaded
2025-06-05 23:34:03,193 - __main__ - INFO - G:\DS\web scrapping\excle/one-month\گزارش فعالیت ماهانه دوره ۱ ماهه منتهی به ۱۴۰۳-۰۳-۳۱(اصلاحیه).xls is successfully downloaded
2025-06-05 23:34:20,720 - __main__ - INFO - G:\DS\web scrapping\excle/one-month\گزارش فعالیت ماهانه دوره ۱ ماهه منتهی به ۱۴۰۳-۰۳-۳۱.xls is successfully downloaded
2025-06-05 23:34:38,272 - __main__ - INFO - G:\DS\web scrapping\excle/one-month\گزارش فعالیت ماهانه دوره ۱ ماهه منتهی به ۱۴۰۳-۰۲-۳۱.xls is successfully downloaded
2025-06-05 23:34:55,858 - __main__ - INFO - G:\DS\web scrapping\excle/one-month\گزارش فعالیت ماهانه دوره ۱ ماهه منتهی به ۱۴۰۲-۱۲-۲۹(اصلاحیه).xls is successfully downloaded
2025-06-05 23:35:13,387 - __main__ - ERROR - ⚠️ Unexpected error (n=18): [WinError 183] Cannot create a file when that file already exists: 'G:\\DS\\web scrapping\\excle/one-month\\047a0535-14af-479b-87b7-960fec19b76d.xls' -> 'G:\\DS\\web scrapping\\excle/one-month\\گزارش فعالیت ماهانه دوره ۱ ماهه منتهی به ۱۴۰۲-۱۲-۲۹(اصلاحیه).xls'
2025-06-05 23:35:30,923 - __main__ - INFO - G:\DS\web scrapping\excle/one-month\گزارش فعالیت ماهانه دوره ۱ ماهه منتهی به ۱۴۰۳-۰۱-۳۱.xls is successfully downloaded
2025-06-05 23:35:48,453 - __main__ - INFO - G:\DS\web scrapping\excle/one-month\گزارش فعالیت ماهانه دوره ۱ ماهه منتهی به ۱۴۰۲-۱۲-۲۹.xls is successfully downloaded
2025-06-05 23:36:08,353 - __main__ - INFO - G:\DS\web scrapping\excle/one-month\گزارش فعالیت ماهانه دوره ۱ ماهه منتهی به ۱۴۰۲-۱۱-۳۰.xls is successfully downloaded
2025-06-05 23:36:25,869 - __main__ - INFO - G:\DS\web scrapping\excle/one-month\گزارش فعالیت ماهانه دوره ۱ ماهه منتهی به ۱۴۰۲-۱۰-۳۰.xls is successfully downloaded
2025-06-05 23:36:43,437 - __main__ - INFO - G:\DS\web scrapping\excle/one-month\گزارش فعالیت ماهانه دوره ۱ ماهه منتهی به ۱۴۰۲-۰۹-۳۰(اصلاحیه).xls is successfully downloaded
2025-06-05 23:37:00,966 - __main__ - ERROR - ⚠️ Unexpected error (n=4): [WinError 183] Cannot create a file when that file already exists: 'G:\\DS\\web scrapping\\excle/one-month\\a8706767-5f81-4ac8-89cf-bf87fd798ac0.xls' -> 'G:\\DS\\web scrapping\\excle/one-month\\گزارش فعالیت ماهانه دوره ۱ ماهه منتهی به ۱۴۰۲-۰۹-۳۰(اصلاحیه).xls'
2025-06-05 23:37:18,591 - __main__ - INFO - G:\DS\web scrapping\excle/one-month\گزارش فعالیت ماهانه دوره ۱ ماهه منتهی به ۱۴۰۲-۰۹-۳۰.xls is successfully downloaded
2025-06-05 23:37:36,152 - __main__ - INFO - G:\DS\web scrapping\excle/one-month\گزارش فعالیت ماهانه دوره ۱ ماهه منتهی به ۱۴۰۲-۰۸-۳۰(اصلاحیه).xls is successfully downloaded
2025-06-05 23:37:53,682 - __main__ - INFO - G:\DS\web scrapping\excle/one-month\گزارش فعالیت ماهانه دوره ۱ ماهه منتهی به ۱۴۰۲-۰۸-۳۰.xls is successfully downloaded
2025-06-05 23:38:11,221 - __main__ - INFO - G:\DS\web scrapping\excle/one-month\گزارش فعالیت ماهانه دوره ۱ ماهه منتهی به ۱۴۰۲-۰۷-۳۰(اصلاحیه).xls is successfully downloaded
2025-06-05 23:38:28,806 - __main__ - INFO - G:\DS\web scrapping\excle/one-month\گزارش فعالیت ماهانه دوره ۱ ماهه منتهی به ۱۴۰۲-۰۷-۳۰.xls is successfully downloaded
2025-06-05 23:38:46,381 - __main__ - INFO - G:\DS\web scrapping\excle/one-month\گزارش فعالیت ماهانه دوره ۱ ماهه منتهی به ۱۴۰۲-۰۶-۳۱(اصلاحیه).xls is successfully downloaded
2025-06-05 23:39:03,949 - __main__ - INFO - G:\DS\web scrapping\excle/one-month\گزارش فعالیت ماهانه دوره ۱ ماهه منتهی به ۱۴۰۲-۰۶-۳۱.xls is successfully downloaded
2025-06-05 23:39:21,521 - __main__ - INFO - G:\DS\web scrapping\excle/one-month\گزارش فعالیت ماهانه دوره ۱ ماهه منتهی به ۱۴۰۲-۰۵-۳۱(اصلاحیه).xls is successfully downloaded
2025-06-05 23:39:39,091 - __main__ - INFO - G:\DS\web scrapping\excle/one-month\گزارش فعالیت ماهانه دوره ۱ ماهه منتهی به ۱۴۰۲-۰۵-۳۱.xls is successfully downloaded
2025-06-05 23:39:56,637 - __main__ - INFO - G:\DS\web scrapping\excle/one-month\گزارش فعالیت ماهانه دوره ۱ ماهه منتهی به ۱۴۰۲-۰۴-۳۱.xls is successfully downloaded
2025-06-05 23:40:14,214 - __main__ - INFO - G:\DS\web scrapping\excle/one-month\گزارش فعالیت ماهانه دوره ۱ ماهه منتهی به ۱۴۰۲-۰۳-۳۱(اصلاحیه).xls is successfully downloaded
2025-06-05 23:40:31,761 - __main__ - ERROR - ⚠️ Unexpected error (n=16): [WinError 183] Cannot create a file when that file already exists: 'G:\\DS\\web scrapping\\excle/one-month\\0896ae87-00a2-4460-a9b8-47928250276b.xls' -> 'G:\\DS\\web scrapping\\excle/one-month\\گزارش فعالیت ماهانه دوره ۱ ماهه منتهی به ۱۴۰۲-۰۳-۳۱(اصلاحیه).xls'
2025-06-05 23:40:49,331 - __main__ - INFO - G:\DS\web scrapping\excle/one-month\گزارش فعالیت ماهانه دوره ۱ ماهه منتهی به ۱۴۰۲-۰۳-۳۱.xls is successfully downloaded
2025-06-05 23:41:06,886 - __main__ - INFO - G:\DS\web scrapping\excle/one-month\گزارش فعالیت ماهانه دوره ۱ ماهه منتهی به ۱۴۰۲-۰۲-۳۱.xls is successfully downloaded
2025-06-05 23:41:24,466 - __main__ - INFO - G:\DS\web scrapping\excle/one-month\گزارش فعالیت ماهانه دوره ۱ ماهه منتهی به ۱۴۰۱-۱۲-۲۹(اصلاحیه).xls is successfully downloaded
2025-06-05 23:41:42,065 - __main__ - INFO - G:\DS\web scrapping\excle/one-month\گزارش فعالیت ماهانه دوره ۱ ماهه منتهی به ۱۴۰۲-۰۱-۳۱.xls is successfully downloaded
2025-06-05 23:42:01,981 - __main__ - INFO - G:\DS\web scrapping\excle/one-month\گزارش فعالیت ماهانه دوره ۱ ماهه منتهی به ۱۴۰۱-۱۲-۲۹.xls is successfully downloaded
2025-06-05 23:42:19,530 - __main__ - INFO - G:\DS\web scrapping\excle/one-month\گزارش فعالیت ماهانه دوره ۱ ماهه منتهی به ۱۴۰۱-۱۱-۳۰(اصلاحیه).xls is successfully downloaded
2025-06-05 23:42:37,063 - __main__ - INFO - G:\DS\web scrapping\excle/one-month\گزارش فعالیت ماهانه دوره ۱ ماهه منتهی به ۱۴۰۱-۱۱-۳۰.xls is successfully downloaded
2025-06-05 23:42:54,597 - __main__ - INFO - G:\DS\web scrapping\excle/one-month\گزارش فعالیت ماهانه دوره ۱ ماهه منتهی به ۱۴۰۱-۱۰-۳۰.xls is successfully downloaded
2025-06-05 23:43:12,146 - __main__ - INFO - G:\DS\web scrapping\excle/one-month\گزارش فعالیت ماهانه دوره ۱ ماهه منتهی به ۱۴۰۱-۰۹-۳۰(اصلاحیه).xls is successfully downloaded
2025-06-05 23:43:29,698 - __main__ - INFO - G:\DS\web scrapping\excle/one-month\گزارش فعالیت ماهانه دوره ۱ ماهه منتهی به ۱۴۰۱-۰۶-۳۱(اصلاحیه).xls is successfully downloaded
2025-06-05 23:43:47,240 - __main__ - INFO - G:\DS\web scrapping\excle/one-month\گزارش فعالیت ماهانه دوره ۱ ماهه منتهی به ۱۴۰۱-۰۹-۳۰.xls is successfully downloaded
2025-06-05 23:44:04,819 - __main__ - INFO - G:\DS\web scrapping\excle/one-month\گزارش فعالیت ماهانه دوره ۱ ماهه منتهی به ۱۴۰۱-۰۸-۳۰(اصلاحیه).xls is successfully downloaded
2025-06-05 23:44:22,237 - __main__ - INFO - G:\DS\web scrapping\excle/one-month\گزارش فعالیت ماهانه دوره ۱ ماهه منتهی به ۱۴۰۱-۰۸-۳۰.xls is successfully downloaded
2025-06-05 23:44:39,669 - __main__ - INFO - G:\DS\web scrapping\excle/one-month\گزارش فعالیت ماهانه دوره ۱ ماهه منتهی به ۱۴۰۱-۰۷-۳۰.xls is successfully downloaded
2025-06-05 23:44:57,082 - __main__ - INFO - G:\DS\web scrapping\excle/one-month\گزارش فعالیت ماهانه دوره ۱ ماهه منتهی به ۱۴۰۱-۰۶-۳۱.xls is successfully downloaded
2025-06-05 23:45:14,503 - __main__ - INFO - G:\DS\web scrapping\excle/one-month\گزارش فعالیت ماهانه دوره ۱ ماهه منتهی به ۱۴۰۱-۰۵-۳۱.xls is successfully downloaded
2025-06-05 23:45:31,915 - __main__ - INFO - G:\DS\web scrapping\excle/one-month\گزارش فعالیت ماهانه دوره ۱ ماهه منتهی به ۱۴۰۱-۰۴-۳۱.xls is successfully downloaded
2025-06-05 23:45:49,337 - __main__ - INFO - G:\DS\web scrapping\excle/one-month\گزارش فعالیت ماهانه دوره ۱ ماهه منتهی به ۱۴۰۱-۰۳-۳۱(اصلاحیه).xls is successfully downloaded
2025-06-05 23:46:06,749 - __main__ - INFO - G:\DS\web scrapping\excle/one-month\گزارش فعالیت ماهانه دوره ۱ ماهه منتهی به ۱۴۰۱-۰۳-۳۱.xls is successfully downloaded
2025-06-05 23:46:24,168 - __main__ - INFO - G:\DS\web scrapping\excle/one-month\گزارش فعالیت ماهانه دوره ۱ ماهه منتهی به ۱۴۰۱-۰۲-۳۱.xls is successfully downloaded
2025-06-05 23:46:41,581 - __main__ - INFO - G:\DS\web scrapping\excle/one-month\گزارش فعالیت ماهانه دوره ۱ ماهه منتهی به ۱۴۰۱-۰۱-۳۱(اصلاحیه).xls is successfully downloaded
2025-06-05 23:46:59,030 - __main__ - INFO - G:\DS\web scrapping\excle/one-month\گزارش فعالیت ماهانه دوره ۱ ماهه منتهی به ۱۴۰۰-۱۲-۲۹(اصلاحیه).xls is successfully downloaded
2025-06-05 23:47:16,446 - __main__ - INFO - G:\DS\web scrapping\excle/one-month\گزارش فعالیت ماهانه دوره ۱ ماهه منتهی به ۱۴۰۱-۰۱-۳۱.xls is successfully downloaded
2025-06-05 23:47:33,957 - __main__ - INFO - G:\DS\web scrapping\excle/one-month\گزارش فعالیت ماهانه دوره ۱ ماهه منتهی به ۱۴۰۰-۱۲-۲۹.xls is successfully downloaded
2025-06-05 23:47:53,606 - __main__ - INFO - G:\DS\web scrapping\excle/one-month\گزارش فعالیت ماهانه دوره ۱ ماهه منتهی به ۱۴۰۰-۱۱-۳۰.xls is successfully downloaded
2025-06-05 23:48:11,045 - __main__ - INFO - G:\DS\web scrapping\excle/one-month\گزارش فعالیت ماهانه دوره ۱ ماهه منتهی به ۱۴۰۰-۱۰-۳۰.xls is successfully downloaded
2025-06-05 23:48:28,514 - __main__ - INFO - G:\DS\web scrapping\excle/one-month\گزارش فعالیت ماهانه دوره ۱ ماهه منتهی به ۱۴۰۰-۰۹-۳۰.xls is successfully downloaded
2025-06-05 23:48:45,927 - __main__ - INFO - G:\DS\web scrapping\excle/one-month\گزارش فعالیت ماهانه دوره ۱ ماهه منتهی به ۱۴۰۰-۰۸-۳۰.xls is successfully downloaded
2025-06-05 23:49:03,344 - __main__ - INFO - G:\DS\web scrapping\excle/one-month\گزارش فعالیت ماهانه دوره ۱ ماهه منتهی به ۱۴۰۰-۰۷-۳۰.xls is successfully downloaded
2025-06-05 23:49:20,741 - __main__ - INFO - G:\DS\web scrapping\excle/one-month\گزارش فعالیت ماهانه دوره ۱ ماهه منتهی به ۱۴۰۰-۰۶-۳۱.xls is successfully downloaded
2025-06-05 23:49:38,158 - __main__ - INFO - G:\DS\web scrapping\excle/one-month\گزارش فعالیت ماهانه دوره ۱ ماهه منتهی به ۱۴۰۰-۰۵-۳۱.xls is successfully downloaded
2025-06-05 23:49:55,576 - __main__ - INFO - G:\DS\web scrapping\excle/one-month\گزارش فعالیت ماهانه دوره ۱ ماهه منتهی به ۱۴۰۰-۰۴-۳۱.xls is successfully downloaded
2025-06-05 23:50:12,992 - __main__ - INFO - G:\DS\web scrapping\excle/one-month\گزارش فعالیت ماهانه دوره ۱ ماهه منتهی به ۱۴۰۰-۰۳-۳۱.xls is successfully downloaded
2025-06-05 23:50:30,423 - __main__ - INFO - G:\DS\web scrapping\excle/one-month\گزارش فعالیت ماهانه دوره ۱ ماهه منتهی به ۱۴۰۰-۰۲-۳۱.xls is successfully downloaded
2025-06-05 23:50:47,840 - __main__ - INFO - G:\DS\web scrapping\excle/one-month\گزارش فعالیت ماهانه دوره ۱ ماهه منتهی به ۱۴۰۰-۰۱-۳۱.xls is successfully downloaded
2025-06-05 23:51:05,277 - __main__ - INFO - G:\DS\web scrapping\excle/one-month\گزارش فعالیت ماهانه دوره ۱ ماهه منتهی به ۱۳۹۹-۱۲-۳۰(اصلاحیه).xls is successfully downloaded
2025-06-05 23:51:22,691 - __main__ - INFO - G:\DS\web scrapping\excle/one-month\گزارش فعالیت ماهانه دوره ۱ ماهه منتهی به ۱۳۹۹-۱۲-۳۰.xls is successfully downloaded
2025-06-05 23:51:40,113 - __main__ - INFO - G:\DS\web scrapping\excle/one-month\گزارش فعالیت ماهانه دوره ۱ ماهه منتهی به ۱۳۹۹-۱۱-۳۰.xls is successfully downloaded
2025-06-05 23:51:57,551 - __main__ - INFO - G:\DS\web scrapping\excle/one-month\گزارش فعالیت ماهانه دوره ۱ ماهه منتهی به ۱۳۹۹-۱۰-۳۰.xls is successfully downloaded
2025-06-05 23:52:14,877 - __main__ - INFO - G:\DS\web scrapping\excle/one-month\گزارش فعالیت ماهانه دوره ۱ ماهه منتهی به ۱۳۹۹-۰۹-۳۰.xls is successfully downloaded
2025-06-05 23:52:32,299 - __main__ - INFO - G:\DS\web scrapping\excle/one-month\گزارش فعالیت ماهانه دوره ۱ ماهه منتهی به ۱۳۹۹-۰۸-۳۰.xls is successfully downloaded
2025-06-05 23:52:49,707 - __main__ - INFO - G:\DS\web scrapping\excle/one-month\گزارش فعالیت ماهانه دوره ۱ ماهه منتهی به ۱۳۹۹-۰۷-۳۰.xls is successfully downloaded
2025-06-05 23:53:07,122 - __main__ - INFO - G:\DS\web scrapping\excle/one-month\گزارش فعالیت ماهانه دوره ۱ ماهه منتهی به ۱۳۹۹-۰۶-۳۱(اصلاحیه).xls is successfully downloaded
2025-06-05 23:53:24,538 - __main__ - INFO - G:\DS\web scrapping\excle/one-month\گزارش فعالیت ماهانه دوره ۱ ماهه منتهی به ۱۳۹۹-۰۶-۳۱.xls is successfully downloaded
2025-06-05 23:53:44,162 - __main__ - INFO - G:\DS\web scrapping\excle/one-month\گزارش فعالیت ماهانه دوره ۱ ماهه منتهی به ۱۳۹۹-۰۵-۳۱.xls is successfully downloaded
2025-06-05 23:54:01,569 - __main__ - INFO - G:\DS\web scrapping\excle/one-month\گزارش فعالیت ماهانه دوره ۱ ماهه منتهی به ۱۳۹۹-۰۴-۳۱(اصلاحیه).xls is successfully downloaded
2025-06-05 23:54:18,995 - __main__ - INFO - G:\DS\web scrapping\excle/one-month\گزارش فعالیت ماهانه دوره ۱ ماهه منتهی به ۱۳۹۹-۰۴-۳۱.xls is successfully downloaded
2025-06-05 23:54:36,438 - __main__ - INFO - G:\DS\web scrapping\excle/one-month\گزارش فعالیت ماهانه دوره ۱ ماهه منتهی به ۱۳۹۹-۰۳-۳۱(اصلاحیه).xls is successfully downloaded
2025-06-05 23:54:53,856 - __main__ - INFO - G:\DS\web scrapping\excle/one-month\گزارش فعالیت ماهانه دوره ۱ ماهه منتهی به ۱۳۹۹-۰۳-۳۱.xls is successfully downloaded
2025-06-05 23:55:11,287 - __main__ - INFO - G:\DS\web scrapping\excle/one-month\گزارش فعالیت ماهانه دوره ۱ ماهه منتهی به ۱۳۹۹-۰۲-۳۱.xls is successfully downloaded
2025-06-05 23:55:28,684 - __main__ - INFO - G:\DS\web scrapping\excle/one-month\گزارش فعالیت ماهانه دوره ۱ ماهه منتهی به ۱۳۹۹-۰۱-۳۱(اصلاحیه).xls is successfully downloaded
2025-06-05 23:55:46,125 - __main__ - INFO - G:\DS\web scrapping\excle/one-month\گزارش فعالیت ماهانه دوره ۱ ماهه منتهی به ۱۳۹۹-۰۱-۳۱.xls is successfully downloaded
2025-06-05 23:56:03,555 - __main__ - INFO - G:\DS\web scrapping\excle/one-month\گزارش فعالیت ماهانه دوره ۱ ماهه منتهی به ۱۳۹۸-۱۲-۲۹.xls is successfully downloaded
2025-06-05 23:56:20,971 - __main__ - INFO - G:\DS\web scrapping\excle/one-month\گزارش فعالیت ماهانه دوره ۱ ماهه منتهی به ۱۳۹۸-۱۱-۳۰.xls is successfully downloaded
2025-06-05 23:56:38,393 - __main__ - INFO - G:\DS\web scrapping\excle/one-month\گزارش فعالیت ماهانه دوره ۱ ماهه منتهی به ۱۳۹۸-۱۰-۳۰.xls is successfully downloaded
2025-06-05 23:56:55,830 - __main__ - INFO - G:\DS\web scrapping\excle/one-month\گزارش فعالیت ماهانه دوره ۱ ماهه منتهی به ۱۳۹۸-۰۹-۳۰.xls is successfully downloaded
2025-06-05 23:57:13,281 - __main__ - INFO - G:\DS\web scrapping\excle/one-month\گزارش فعالیت ماهانه دوره ۱ ماهه منتهی به ۱۳۹۸-۰۸-۳۰.xls is successfully downloaded
2025-06-05 23:57:30,702 - __main__ - INFO - G:\DS\web scrapping\excle/one-month\گزارش فعالیت ماهانه دوره ۱ ماهه منتهی به ۱۳۹۸-۰۷-۳۰.xls is successfully downloaded
2025-06-05 23:57:48,117 - __main__ - INFO - G:\DS\web scrapping\excle/one-month\گزارش فعالیت ماهانه دوره ۱ ماهه منتهی به ۱۳۹۸-۰۶-۳۱.xls is successfully downloaded
2025-06-05 23:58:06,081 - __main__ - INFO - G:\DS\web scrapping\excle/one-month\گزارش فعالیت ماهانه دوره ۱ ماهه منتهی به ۱۳۹۸-۰۵-۳۱.xls is successfully downloaded
2025-06-05 23:58:23,585 - __main__ - INFO - G:\DS\web scrapping\excle/one-month\گزارش فعالیت ماهانه دوره ۱ ماهه منتهی به ۱۳۹۸-۰۴-۳۱(اصلاحیه).xls is successfully downloaded
2025-06-05 23:58:41,078 - __main__ - INFO - G:\DS\web scrapping\excle/one-month\گزارش فعالیت ماهانه دوره ۱ ماهه منتهی به ۱۳۹۸-۰۴-۳۱.xls is successfully downloaded
2025-06-05 23:58:58,536 - __main__ - INFO - G:\DS\web scrapping\excle/one-month\گزارش فعالیت ماهانه دوره ۱ ماهه منتهی به ۱۳۹۸-۰۳-۳۱.xls is successfully downloaded
2025-06-05 23:59:15,990 - __main__ - INFO - G:\DS\web scrapping\excle/one-month\گزارش فعالیت ماهانه دوره ۱ ماهه منتهی به ۱۳۹۸-۰۲-۳۱.xls is successfully downloaded
2025-06-05 23:59:35,630 - __main__ - INFO - G:\DS\web scrapping\excle/one-month\گزارش فعالیت ماهانه دوره ۱ ماهه منتهی به ۱۳۹۸-۰۱-۳۱.xls is successfully downloaded
2025-06-05 23:59:53,054 - __main__ - INFO - G:\DS\web scrapping\excle/one-month\گزارش فعالیت ماهانه دوره ۱ ماهه منتهی به ۱۳۹۷-۱۲-۲۹.xls is successfully downloaded
2025-06-06 00:00:10,487 - __main__ - INFO - G:\DS\web scrapping\excle/one-month\گزارش فعالیت ماهانه دوره ۱ ماهه منتهی به ۱۳۹۷-۱۱-۳۰.xls is successfully downloaded
2025-06-06 00:00:27,896 - __main__ - INFO - G:\DS\web scrapping\excle/one-month\گزارش فعالیت ماهانه دوره ۱ ماهه منتهی به ۱۳۹۷-۱۰-۳۰.xls is successfully downloaded
2025-06-06 00:00:45,315 - __main__ - INFO - G:\DS\web scrapping\excle/one-month\گزارش فعالیت ماهانه دوره ۱ ماهه منتهی به ۱۳۹۷-۰۹-۳۰.xls is successfully downloaded
2025-06-06 00:01:02,732 - __main__ - INFO - G:\DS\web scrapping\excle/one-month\گزارش فعالیت ماهانه دوره ۱ ماهه منتهی به ۱۳۹۷-۰۸-۳۰.xls is successfully downloaded
2025-06-06 00:01:20,149 - __main__ - INFO - G:\DS\web scrapping\excle/one-month\گزارش فعالیت ماهانه دوره ۱ ماهه منتهی به ۱۳۹۷-۰۷-۳۰.xls is successfully downloaded
2025-06-06 00:01:37,562 - __main__ - INFO - G:\DS\web scrapping\excle/one-month\گزارش فعالیت ماهانه دوره ۱ ماهه منتهی به ۱۳۹۷-۰۶-۳۱.xls is successfully downloaded
2025-06-06 00:01:54,982 - __main__ - INFO - G:\DS\web scrapping\excle/one-month\گزارش فعالیت ماهانه دوره ۱ ماهه منتهی به ۱۳۹۷-۰۵-۳۱.xls is successfully downloaded
2025-06-06 00:02:12,402 - __main__ - INFO - G:\DS\web scrapping\excle/one-month\گزارش فعالیت ماهانه دوره ۱ ماهه منتهی به ۱۳۹۷-۰۴-۳۱.xls is successfully downloaded
2025-06-06 00:02:29,830 - __main__ - INFO - G:\DS\web scrapping\excle/one-month\گزارش فعالیت ماهانه دوره ۱ ماهه منتهی به ۱۳۹۷-۰۳-۳۱.xls is successfully downloaded
2025-06-06 00:02:47,244 - __main__ - INFO - G:\DS\web scrapping\excle/one-month\گزارش فعالیت ماهانه دوره ۱ ماهه منتهی به ۱۳۹۷-۰۲-۳۱.xls is successfully downloaded
2025-06-06 00:03:04,657 - __main__ - INFO - G:\DS\web scrapping\excle/one-month\گزارش فعالیت ماهانه دوره ۱ ماهه منتهی به ۱۳۹۷-۰۱-۳۱.xls is successfully downloaded
2025-06-06 00:03:22,075 - __main__ - INFO - G:\DS\web scrapping\excle/one-month\گزارش فعالیت ماهانه دوره ۱ ماهه منتهی به ۱۳۹۶-۱۲-۲۹.xls is successfully downloaded
2025-06-06 00:03:39,491 - __main__ - INFO - G:\DS\web scrapping\excle/one-month\گزارش فعالیت ماهانه دوره ۱ ماهه منتهی به ۱۳۹۶-۱۱-۳۰.xls is successfully downloaded
2025-06-06 00:03:56,905 - __main__ - INFO - G:\DS\web scrapping\excle/one-month\گزارش فعالیت ماهانه دوره ۱ ماهه منتهی به ۱۳۹۶-۱۰-۳۰.xls is successfully downloaded
2025-06-06 00:04:14,328 - __main__ - INFO - G:\DS\web scrapping\excle/one-month\گزارش فعالیت ماهانه دوره ۱ ماهه منتهی به ۱۳۹۶-۰۹-۳۰.xls is successfully downloaded
2025-06-06 00:04:31,740 - __main__ - INFO - G:\DS\web scrapping\excle/one-month\گزارش فعالیت ماهانه دوره ۱ ماهه منتهی به ۱۳۹۶-۰۸-۳۰.xls is successfully downloaded
2025-06-06 00:04:49,155 - __main__ - INFO - G:\DS\web scrapping\excle/one-month\گزارش فعالیت ماهانه دوره ۱ ماهه منتهی به ۱۳۹۶-۰۷-۳۰.xls is successfully downloaded
2025-06-06 00:05:06,574 - __main__ - INFO - G:\DS\web scrapping\excle/one-month\گزارش فعالیت ماهانه دوره ۱ ماهه منتهی به ۱۳۹۶-۰۶-۳۱.xls is successfully downloaded
2025-06-06 00:05:26,187 - __main__ - INFO - G:\DS\web scrapping\excle/one-month\گزارش فعالیت ماهانه دوره ۱ ماهه منتهی به ۱۳۹۶-۰۵-۳۱.xls is successfully downloaded
2025-06-06 00:05:43,587 - __main__ - INFO - G:\DS\web scrapping\excle/one-month\گزارش فعالیت ماهانه دوره ۱ ماهه منتهی به ۱۳۹۶-۰۴-۳۱(اصلاحیه).xls is successfully downloaded
2025-06-06 00:06:01,005 - __main__ - INFO - G:\DS\web scrapping\excle/one-month\گزارش فعالیت ماهانه دوره ۱ ماهه منتهی به ۱۳۹۶-۰۴-۳۱.xls is successfully downloaded
2025-06-06 00:06:18,418 - __main__ - INFO - G:\DS\web scrapping\excle/one-month\گزارش فعالیت ماهانه دوره ۱ ماهه منتهی به ۱۳۹۶-۰۳-۳۱(اصلاحیه).xls is successfully downloaded
2025-06-06 00:06:35,832 - __main__ - INFO - G:\DS\web scrapping\excle/one-month\گزارش فعالیت ماهانه دوره ۱ ماهه منتهی به ۱۳۹۶-۰۳-۳۱.xls is successfully downloaded
2025-06-06 00:06:53,251 - __main__ - INFO - G:\DS\web scrapping\excle/one-month\گزارش فعالیت ماهانه دوره ۱ ماهه منتهی به ۱۳۹۶-۰۲-۳۱.xls is successfully downloaded
2025-06-06 00:07:10,672 - __main__ - INFO - G:\DS\web scrapping\excle/one-month\گزارش فعالیت ماهانه دوره ۱ ماهه منتهی به ۱۳۹۶-۰۱-۳۱.xls is successfully downloaded
2025-06-06 00:07:28,267 - __main__ - INFO - G:\DS\web scrapping\excle/one-month\گزارش فعالیت ماهانه دوره ۱ ماهه منتهی به ۱۳۹۵-۱۲-۳۰.xls is successfully downloaded
2025-06-06 00:07:45,808 - __main__ - INFO - G:\DS\web scrapping\excle/one-month\گزارش فعالیت ماهانه دوره ۱ ماهه منتهی به ۱۳۹۵-۱۱-۳۰.xls is successfully downloaded
2025-06-06 00:08:03,407 - __main__ - INFO - G:\DS\web scrapping\excle/one-month\گزارش فعالیت ماهانه دوره ۱ ماهه منتهی به ۱۳۹۵-۱۰-۳۰.xls is successfully downloaded
2025-06-06 00:08:20,954 - __main__ - INFO - G:\DS\web scrapping\excle/one-month\گزارش فعالیت ماهانه دوره ۱ ماهه منتهی به ۱۳۹۵-۰۹-۳۰.xls is successfully downloaded
2025-06-06 00:08:38,529 - __main__ - INFO - G:\DS\web scrapping\excle/one-month\گزارش فعالیت ماهانه دوره ۱ ماهه منتهی به ۱۳۹۵-۰۱-۳۱.xls is successfully downloaded
2025-06-06 00:08:56,104 - __main__ - INFO - G:\DS\web scrapping\excle/one-month\گزارش فعالیت ماهانه دوره ۱ ماهه منتهی به ۱۳۹۵-۰۸-۳۰.xls is successfully downloaded
2025-06-06 00:09:13,653 - __main__ - INFO - G:\DS\web scrapping\excle/one-month\گزارش فعالیت ماهانه دوره ۱ ماهه منتهی به ۱۳۹۵-۰۷-۳۰.xls is successfully downloaded
2025-06-06 00:09:19,891 - __main__ - INFO - Finished all pages!
2025-06-06 08:42:32,607 - __main__ - INFO - Logging configured successfully!
2025-06-06 08:42:43,502 - __main__ - INFO - 'فولاد' is selected
2025-06-06 08:42:46,956 - __main__ - INFO - 'گزارش عملکرد ماهانه' is selected
2025-06-06 08:42:51,098 - __main__ - INFO - 1404-03-16 to
2025-06-06 08:42:51,098 - __main__ - INFO - 1399-03-16 from
2025-06-06 08:42:54,179 - __main__ - INFO - number of excle in this page is 20
